[2022-10-25T11:46:46.399390+00:00] app.INFO: CardService::get [] []
[2022-10-25T11:47:01.568769+00:00] app.INFO: CardService::get [] []
[2022-10-25T11:50:33.945364+00:00] app.INFO: CardService::getArray (     [0] => App\Domain\Card Object         (             [id:App\Domain\Card:private] => 43             [numCarte:App\Domain\Card:private] => P1             [image:App\Domain\Card:private] => p1.png             [type:App\Domain\Card:private] => piece             [use:App\Domain\Card:private] => []         )  )  [] []
[2022-10-25T11:55:35.799017+00:00] app.INFO: CardService::get(P1) [] []
[2022-10-25T11:55:40.058858+00:00] app.INFO: CardService::exist(24) [] []
[2022-10-25T11:55:40.562222+00:00] app.INFO: CardService::get(P1) [] []
[2022-10-25T11:55:40.571332+00:00] app.INFO: CardService::get(24) [] []
[2022-10-25T12:16:08.200645+00:00] app.INFO: CardService::get(P1) [] []
[2022-10-25T12:16:08.218680+00:00] app.INFO: CardService::get(24) [] []
[2022-10-25T12:16:13.012290+00:00] app.INFO: CardService::exist(55) [] []
[2022-10-25T12:16:13.023140+00:00] app.INFO: CardService::getUses(55) [] []
[2022-10-25T12:16:13.543339+00:00] app.INFO: CardService::get(P1) [] []
[2022-10-25T12:16:13.552050+00:00] app.INFO: CardService::get(24) [] []
[2022-10-25T12:16:13.554539+00:00] app.INFO: CardService::get(55) [] []
[2022-10-25T12:16:18.796647+00:00] app.INFO: CardService::exist(14) [] []
[2022-10-25T12:16:19.480580+00:00] app.INFO: CardService::get(P1) [] []
[2022-10-25T12:16:19.491883+00:00] app.INFO: CardService::get(24) [] []
[2022-10-25T12:16:19.493873+00:00] app.INFO: CardService::get(55) [] []
[2022-10-25T12:16:25.256776+00:00] app.INFO: CardService::get(P1) [] []
[2022-10-25T12:16:25.281466+00:00] app.INFO: CardService::get(24) [] []
[2022-10-25T12:16:25.284103+00:00] app.INFO: CardService::get(55) [] []
[2022-10-25T12:16:31.877721+00:00] app.INFO: CardService::exist(8) [] []
[2022-10-25T12:16:31.895962+00:00] app.INFO: CardService::getUses(8) [] []
[2022-10-25T12:16:32.441542+00:00] app.INFO: CardService::get(P1) [] []
[2022-10-25T12:16:32.452212+00:00] app.INFO: CardService::get(24) [] []
[2022-10-25T12:16:32.454347+00:00] app.INFO: CardService::get(55) [] []
[2022-10-25T12:16:32.456422+00:00] app.INFO: CardService::get(8) [] []
[2022-10-25T12:16:40.776033+00:00] app.INFO: CardService::get(P1) [] []
[2022-10-25T12:16:40.785924+00:00] app.INFO: CardService::get(24) [] []
[2022-10-25T12:16:40.788193+00:00] app.INFO: CardService::get(55) [] []
[2022-10-25T12:16:40.790125+00:00] app.INFO: CardService::get(8) [] []
[2022-10-25T12:17:31.547917+00:00] app.INFO: CardService::get(P1) [] []
[2022-10-25T12:17:39.349630+00:00] app.INFO: CardService::exist(24) [] []
[2022-10-25T12:17:39.358816+00:00] app.INFO: CardService::getUses(24)[] [] []
[2022-10-25T12:17:39.891168+00:00] app.INFO: CardService::get(P1) [] []
[2022-10-25T12:17:39.900714+00:00] app.INFO: CardService::get(24) [] []
[2022-10-25T12:17:43.531412+00:00] app.INFO: CardService::exist(8) [] []
[2022-10-25T12:17:43.541001+00:00] app.INFO: CardService::getUses(8)["24"] [] []
[2022-10-25T12:17:44.094578+00:00] app.INFO: CardService::get(P1) [] []
[2022-10-25T12:17:44.104171+00:00] app.INFO: CardService::get(24) [] []
[2022-10-25T12:17:44.105753+00:00] app.INFO: CardService::get(8) [] []
[2022-10-25T12:22:52.184915+00:00] app.INFO: CardService::get(P1) [] []
[2022-10-25T12:22:52.197273+00:00] app.INFO: CardService::get(24) [] []
[2022-10-25T12:22:52.199337+00:00] app.INFO: CardService::get(8) [] []
[2022-10-25T12:23:28.853642+00:00] app.INFO: CardService::get(P1) [] []
[2022-10-25T12:23:28.860791+00:00] app.INFO: CardService::get(24) [] []
[2022-10-25T12:23:28.862010+00:00] app.INFO: CardService::get(8) [] []
[2022-10-25T12:23:53.956728+00:00] app.INFO: CardService::get(P1) [] []
[2022-10-25T12:23:53.989292+00:00] app.INFO: CardService::get(24) [] []
[2022-10-25T12:23:53.992325+00:00] app.INFO: CardService::get(8) [] []
[2022-10-25T12:24:00.723538+00:00] app.INFO: CardService::get(P1) [] []
[2022-10-25T12:24:00.732851+00:00] app.INFO: CardService::get(24) [] []
[2022-10-25T12:24:00.734476+00:00] app.INFO: CardService::get(8) [] []
[2022-10-25T12:24:59.993408+00:00] app.INFO: CardService::get(P1) [] []
[2022-10-25T12:25:00.005502+00:00] app.INFO: CardService::get(24) [] []
[2022-10-25T12:25:00.006995+00:00] app.INFO: CardService::get(8) [] []
[2022-10-25T12:25:35.359616+00:00] app.INFO: CardService::get(P1) [] []
[2022-10-25T12:25:35.374341+00:00] app.INFO: CardService::get(24) [] []
[2022-10-25T12:25:35.375998+00:00] app.INFO: CardService::get(8) [] []
[2022-10-25T12:25:37.992722+00:00] app.INFO: CardService::get(P1) [] []
[2022-10-25T12:25:43.487423+00:00] app.INFO: CardService::exist(24) [] []
[2022-10-25T12:25:43.508063+00:00] app.INFO: CardService::getUses(24)[] [] []
[2022-10-25T12:25:44.299134+00:00] app.INFO: CardService::get(P1) [] []
[2022-10-25T12:25:44.319277+00:00] app.INFO: CardService::get(24) [] []
[2022-10-25T12:25:47.964370+00:00] app.INFO: CardService::exist(8) [] []
[2022-10-25T12:25:47.978652+00:00] app.INFO: CardService::getUses(8)["24"] [] []
[2022-10-25T12:25:48.450388+00:00] app.INFO: CardService::get(P1) [] []
[2022-10-25T12:25:48.461755+00:00] app.INFO: CardService::get(24) [] []
[2022-10-25T12:25:48.463323+00:00] app.INFO: CardService::get(8) [] []
[2022-10-25T12:26:26.414568+00:00] app.INFO: CardService::get(P1) [] []
[2022-10-25T12:26:26.431070+00:00] app.INFO: CardService::get(24) [] []
[2022-10-25T12:26:26.434467+00:00] app.INFO: CardService::get(8) [] []
[2022-10-25T12:26:28.743522+00:00] app.INFO: CardService::get(P1) [] []
[2022-10-25T12:26:32.176165+00:00] app.INFO: CardService::exist(24) [] []
[2022-10-25T12:26:32.184872+00:00] app.INFO: CardService::getUses(24)[] [] []
[2022-10-25T12:26:32.705180+00:00] app.INFO: CardService::get(P1) [] []
[2022-10-25T12:26:32.714675+00:00] app.INFO: CardService::get(24) [] []
[2022-10-25T12:26:35.855024+00:00] app.INFO: CardService::exist(8) [] []
[2022-10-25T12:26:35.864450+00:00] app.INFO: CardService::getUses(8)["24"] [] []
[2022-10-25T12:26:36.395858+00:00] app.INFO: CardService::get(P1) [] []
[2022-10-25T12:26:36.406716+00:00] app.INFO: CardService::get(24) [] []
[2022-10-25T12:26:36.408397+00:00] app.INFO: CardService::get(8) [] []
[2022-10-25T12:27:23.557526+00:00] app.INFO: CardService::get(P1) [] []
[2022-10-25T12:27:23.569298+00:00] app.INFO: CardService::get(24) [] []
[2022-10-25T12:27:23.572633+00:00] app.INFO: CardService::get(8) [] []
[2022-10-25T12:27:29.358143+00:00] app.INFO: CardService::get(P1) [] []
[2022-10-25T12:27:34.501126+00:00] app.INFO: CardService::exist(24) [] []
[2022-10-25T12:27:34.515187+00:00] app.INFO: CardService::getUses(24)[] [] []
[2022-10-25T12:27:35.038225+00:00] app.INFO: CardService::get(P1) [] []
[2022-10-25T12:27:35.052684+00:00] app.INFO: CardService::get(24) [] []
[2022-10-25T12:27:38.541440+00:00] app.INFO: CardService::exist(8) [] []
[2022-10-25T12:27:38.551121+00:00] app.INFO: CardService::getUses(8)["24"] [] []
[2022-10-25T12:27:38.552009+00:00] app.INFO: CardController::addCard(8) : 24 [] []
[2022-10-25T12:27:39.231317+00:00] app.INFO: CardService::get(P1) [] []
[2022-10-25T12:27:39.240113+00:00] app.INFO: CardService::get(24) [] []
[2022-10-25T12:27:39.242013+00:00] app.INFO: CardService::get(8) [] []
[2022-10-25T12:28:42.209360+00:00] app.INFO: CardService::get(P1) [] []
[2022-10-25T12:28:42.223565+00:00] app.INFO: CardService::get(24) [] []
[2022-10-25T12:28:42.225208+00:00] app.INFO: CardService::get(8) [] []
[2022-10-25T12:28:45.834592+00:00] app.INFO: CardService::get(P1) [] []
[2022-10-25T12:28:54.983902+00:00] app.INFO: CardService::exist(24) [] []
[2022-10-25T12:28:54.994164+00:00] app.INFO: CardService::getUses(24)[] [] []
[2022-10-25T12:28:55.505195+00:00] app.INFO: CardService::get(P1) [] []
[2022-10-25T12:28:55.518152+00:00] app.INFO: CardService::get(24) [] []
[2022-10-25T12:28:59.426576+00:00] app.INFO: CardService::exist(8) [] []
[2022-10-25T12:28:59.665924+00:00] app.INFO: CardService::getUses(8)["24"] [] []
[2022-10-25T12:28:59.666632+00:00] app.INFO: CardController::remove(8) : 24 [] []
[2022-10-25T12:29:00.190910+00:00] app.INFO: CardService::get(P1) [] []
[2022-10-25T12:29:00.205717+00:00] app.INFO: CardService::get(24) [] []
[2022-10-25T12:29:00.207540+00:00] app.INFO: CardService::get(8) [] []
[2022-10-25T12:29:59.598320+00:00] app.INFO: CardService::get(P1) [] []
[2022-10-25T12:29:59.614553+00:00] app.INFO: CardService::get(24) [] []
[2022-10-25T12:29:59.616320+00:00] app.INFO: CardService::get(8) [] []
[2022-10-25T12:30:02.410394+00:00] app.INFO: CardService::get(P1) [] []
[2022-10-25T12:30:04.825904+00:00] app.INFO: CardService::exist(24) [] []
[2022-10-25T12:30:04.837313+00:00] app.INFO: CardService::getUses(24)[] [] []
[2022-10-25T12:30:05.478150+00:00] app.INFO: CardService::get(P1) [] []
[2022-10-25T12:30:05.490784+00:00] app.INFO: CardService::get(24) [] []
[2022-10-25T12:30:06.379919+00:00] app.INFO: CardService::get(P1) [] []
[2022-10-25T12:30:06.388429+00:00] app.INFO: CardService::get(24) [] []
[2022-10-25T12:30:11.218424+00:00] app.INFO: CardService::exist(8) [] []
[2022-10-25T12:30:11.230141+00:00] app.INFO: CardService::getUses(8)["24"] [] []
[2022-10-25T12:30:11.234114+00:00] app.INFO: CardController::remove(8) :  [] []
[2022-10-25T12:31:00.139028+00:00] app.INFO: CardService::get(P1) [] []
[2022-10-25T12:31:00.151833+00:00] app.INFO: CardService::get(24) [] []
[2022-10-25T12:31:00.153704+00:00] app.INFO: CardService::get(8) [] []
[2022-10-25T12:31:10.763122+00:00] app.INFO: CardService::get(P1) [] []
[2022-10-25T12:31:14.251785+00:00] app.INFO: CardService::exist(24) [] []
[2022-10-25T12:31:14.260155+00:00] app.INFO: CardService::getUses(24)[] [] []
[2022-10-25T12:31:14.788387+00:00] app.INFO: CardService::get(P1) [] []
[2022-10-25T12:31:14.796705+00:00] app.INFO: CardService::get(24) [] []
[2022-10-25T12:31:18.964484+00:00] app.INFO: CardService::exist(8) [] []
[2022-10-25T12:31:18.981879+00:00] app.INFO: CardService::getUses(8)["24"] [] []
[2022-10-25T12:31:18.983964+00:00] app.INFO: CardController::remove(8) :  [] []
[2022-10-25T12:32:00.706446+00:00] app.INFO: CardService::get(P1) [] []
[2022-10-25T12:32:00.715102+00:00] app.INFO: CardService::get(24) [] []
[2022-10-25T12:32:00.716374+00:00] app.INFO: CardService::get(8) [] []
[2022-10-25T12:32:06.997530+00:00] app.INFO: CardService::get(P1) [] []
[2022-10-25T12:32:11.828174+00:00] app.INFO: CardService::exist(24) [] []
[2022-10-25T12:32:11.836895+00:00] app.INFO: CardService::getUses(24)[] [] []
[2022-10-25T12:32:12.341035+00:00] app.INFO: CardService::get(P1) [] []
[2022-10-25T12:32:12.353209+00:00] app.INFO: CardService::get(24) [] []
[2022-10-25T12:32:15.461914+00:00] app.INFO: CardService::exist(8) [] []
[2022-10-25T12:32:15.471207+00:00] app.INFO: CardService::getUses(8)["24"] [] []
[2022-10-25T12:32:15.472298+00:00] app.INFO: CardController::remove(8) : Array (     [0] => P1     [1] => 24     [2] => 8 )  [] []
[2022-10-25T12:32:15.961139+00:00] app.INFO: CardService::get(P1) [] []
[2022-10-25T12:32:15.969084+00:00] app.INFO: CardService::get(24) [] []
[2022-10-25T12:32:15.970660+00:00] app.INFO: CardService::get(8) [] []
[2022-10-25T12:35:44.379925+00:00] app.INFO: CardService::get(P1) [] []
[2022-10-25T12:35:51.011550+00:00] app.INFO: CardService::exist(24) [] []
[2022-10-25T12:35:51.018935+00:00] app.INFO: CardService::getUses(24)[] [] []
[2022-10-25T12:35:51.531889+00:00] app.INFO: CardService::get(P1) [] []
[2022-10-25T12:35:51.539625+00:00] app.INFO: CardService::get(24) [] []
[2022-10-25T12:35:55.118916+00:00] app.INFO: CardService::exist(8) [] []
[2022-10-25T12:35:55.130398+00:00] app.INFO: CardService::getUses(8)["24"] [] []
[2022-10-25T12:35:55.642790+00:00] app.INFO: CardService::get(P1) [] []
[2022-10-25T12:35:55.653939+00:00] app.INFO: CardService::get(24) [] []
[2022-10-25T12:36:02.276993+00:00] app.INFO: CardService::exist(8) [] []
[2022-10-25T12:36:02.287033+00:00] app.INFO: CardService::getUses(8)["24"] [] []
[2022-10-25T12:36:02.811366+00:00] app.INFO: CardService::get(P1) [] []
[2022-10-25T12:36:02.822407+00:00] app.INFO: CardService::get(24) [] []
[2022-10-25T12:36:11.836425+00:00] app.INFO: CardService::get(P1) [] []
[2022-10-25T12:36:11.849237+00:00] app.INFO: CardService::get(24) [] []
[2022-10-25T12:36:16.296731+00:00] app.INFO: CardService::exist(8) [] []
[2022-10-25T12:36:16.306860+00:00] app.INFO: CardService::getUses(8)["24"] [] []
[2022-10-25T12:36:16.874305+00:00] app.INFO: CardService::get(P1) [] []
[2022-10-25T12:36:16.882086+00:00] app.INFO: CardService::get(8) [] []
[2022-10-25T12:38:54.120728+00:00] app.INFO: CardService::get(P1) [] []
[2022-10-25T12:38:57.803665+00:00] app.INFO: CardService::exist(8) [] []
[2022-10-25T12:38:57.817682+00:00] app.INFO: CardService::getUses(8)["24"] [] []
[2022-10-25T12:38:58.327231+00:00] app.INFO: CardService::get(P1) [] []
[2022-10-25T12:38:58.338752+00:00] app.INFO: CardService::get(8) [] []
[2022-10-25T12:39:05.899024+00:00] app.INFO: CardService::get(P1) [] []
[2022-10-25T12:39:05.909266+00:00] app.INFO: CardService::get(8) [] []
[2022-10-25T12:39:09.748278+00:00] app.INFO: CardService::get(P1) [] []
[2022-10-25T12:39:13.491116+00:00] app.INFO: CardService::exist(24) [] []
[2022-10-25T12:39:13.505765+00:00] app.INFO: CardService::getUses(24)[] [] []
[2022-10-25T12:39:14.262459+00:00] app.INFO: CardService::get(P1) [] []
[2022-10-25T12:39:14.272603+00:00] app.INFO: CardService::get(24) [] []
[2022-10-25T12:39:17.730610+00:00] app.INFO: CardService::exist(8) [] []
[2022-10-25T12:39:17.742046+00:00] app.INFO: CardService::getUses(8)["24"] [] []
[2022-10-25T12:39:18.264684+00:00] app.INFO: CardService::get(P1) [] []
[2022-10-25T12:39:18.273591+00:00] app.INFO: CardService::get(8) [] []
[2022-10-25T13:10:08.640007+00:00] app.INFO: CardService::get(P1) [] []
[2022-10-25T13:10:08.661609+00:00] app.INFO: CardService::get(8) [] []
[2022-10-25T13:10:08.665652+00:00] app.INFO: CardService::get(1247) [] []
[2022-10-25T13:10:08.668994+00:00] app.INFO: CardService::get(1247) [] []
[2022-10-25T13:27:33.913411+00:00] app.INFO: CardService::get(P1) [] []
[2022-10-25T13:27:33.930642+00:00] app.INFO: CardService::get(8) [] []
[2022-10-25T13:27:42.091814+00:00] app.INFO: CardService::exist(66) [] []
[2022-10-25T13:27:42.105298+00:00] app.INFO: CardService::getUses(66)["91"] [] []
[2022-10-25T13:27:42.624380+00:00] app.INFO: CardService::get(P1) [] []
[2022-10-25T13:27:42.634528+00:00] app.INFO: CardService::get(8) [] []
[2022-10-25T13:34:59.877614+00:00] app.INFO: CardService::get(P1) [] []
[2022-10-25T13:34:59.889413+00:00] app.INFO: CardService::get(8) [] []
[2022-10-25T13:35:04.463703+00:00] app.INFO: CardService::get(P1) [] []
[2022-10-25T13:58:22.810323+00:00] app.INFO: CardService::get(P1) [] []
[2022-10-25T13:58:22.825349+00:00] app.INFO: CardService::get(R) [] []
[2022-10-25T13:58:22.827534+00:00] app.INFO: CardService::get(A) [] []
[2022-10-25T13:58:22.830020+00:00] app.INFO: CardService::get(6) [] []
[2022-10-25T14:00:02.021915+00:00] app.INFO: CardService::get(P1) [] []
[2022-10-25T14:00:02.030571+00:00] app.INFO: CardService::get(R) [] []
[2022-10-25T14:00:02.032966+00:00] app.INFO: CardService::get(A) [] []
[2022-10-25T14:00:02.035231+00:00] app.INFO: CardService::get(6) [] []
[2022-10-25T14:01:26.891361+00:00] app.INFO: CardService::get(P1) [] []
[2022-10-25T14:01:26.907301+00:00] app.INFO: CardService::get(R) [] []
[2022-10-25T14:01:26.910752+00:00] app.INFO: CardService::get(A) [] []
[2022-10-25T14:01:26.913145+00:00] app.INFO: CardService::get(6) [] []
[2022-10-25T14:05:18.265976+00:00] app.INFO: CardService::get(P1) [] []
[2022-10-25T14:05:18.280404+00:00] app.INFO: CardService::get(R) [] []
[2022-10-25T14:05:18.283710+00:00] app.INFO: CardService::get(A) [] []
[2022-10-25T14:05:18.286083+00:00] app.INFO: CardService::get(6) [] []
[2022-10-25T14:07:41.496552+00:00] app.INFO: CardService::get(P1) [] []
[2022-10-25T14:07:41.510693+00:00] app.INFO: CardService::get(R) [] []
[2022-10-25T14:07:41.512918+00:00] app.INFO: CardService::get(A) [] []
[2022-10-25T14:07:41.514760+00:00] app.INFO: CardService::get(6) [] []
[2022-10-25T14:07:42.058027+00:00] app.INFO: CardService::get(P1) [] []
[2022-10-25T14:07:42.065992+00:00] app.INFO: CardService::get(R) [] []
[2022-10-25T14:07:42.068064+00:00] app.INFO: CardService::get(A) [] []
[2022-10-25T14:07:42.069391+00:00] app.INFO: CardService::get(6) [] []
[2022-10-25T14:08:44.586672+00:00] app.INFO: CardService::get(P1) [] []
[2022-10-25T14:08:44.604451+00:00] app.INFO: CardService::get(R) [] []
[2022-10-25T14:08:44.605801+00:00] app.INFO: CardService::get(A) [] []
[2022-10-25T14:08:44.608232+00:00] app.INFO: CardService::get(6) [] []
[2022-10-25T14:08:45.645934+00:00] app.INFO: CardService::get(P1) [] []
[2022-10-25T14:08:45.656858+00:00] app.INFO: CardService::get(R) [] []
[2022-10-25T14:08:45.658826+00:00] app.INFO: CardService::get(A) [] []
[2022-10-25T14:08:45.661013+00:00] app.INFO: CardService::get(6) [] []
[2022-10-25T14:09:18.250632+00:00] app.INFO: CardService::get(P1) [] []
[2022-10-25T14:09:18.258410+00:00] app.INFO: CardService::get(R) [] []
[2022-10-25T14:09:18.260742+00:00] app.INFO: CardService::get(A) [] []
[2022-10-25T14:09:18.262758+00:00] app.INFO: CardService::get(6) [] []
[2022-10-25T14:10:30.345965+00:00] app.INFO: CardService::get(P1) [] []
[2022-10-25T14:10:30.365345+00:00] app.INFO: CardService::get(R) [] []
[2022-10-25T14:10:30.367111+00:00] app.INFO: CardService::get(A) [] []
[2022-10-25T14:10:30.368706+00:00] app.INFO: CardService::get(6) [] []
[2022-10-25T14:18:55.322077+00:00] app.INFO: CardService::get(P1) [] []
[2022-10-25T14:18:55.343826+00:00] app.INFO: CardService::get(R) [] []
[2022-10-25T14:18:55.347766+00:00] app.INFO: CardService::get(A) [] []
[2022-10-25T14:18:55.349789+00:00] app.INFO: CardService::get(6) [] []
[2022-10-25T14:19:38.748982+00:00] app.INFO: CardService::exist(9) [] []
[2022-10-25T14:19:38.758387+00:00] app.INFO: CardService::getUses(9)["6"] [] []
[2022-10-25T14:19:38.762297+00:00] app.INFO: CardService::getUses(9)["6"] [] []
[2022-10-25T14:19:39.291009+00:00] app.INFO: CardService::get(P1) [] []
[2022-10-25T14:19:39.299744+00:00] app.INFO: CardService::get(R) [] []
[2022-10-25T14:19:39.301643+00:00] app.INFO: CardService::get(A) [] []
[2022-10-25T14:19:39.303139+00:00] app.INFO: CardService::get(9) [] []
[2022-10-25T14:21:41.067078+00:00] app.INFO: CardService::get(P1) [] []
[2022-10-25T14:21:41.084141+00:00] app.INFO: CardService::get(R) [] []
[2022-10-25T14:21:41.086323+00:00] app.INFO: CardService::get(A) [] []
[2022-10-25T14:21:41.088396+00:00] app.INFO: CardService::get(9) [] []
[2022-10-25T14:21:44.643520+00:00] app.INFO: CardService::get(P1) [] []
[2022-10-25T14:21:51.870329+00:00] app.INFO: CardService::exist(6) [] []
[2022-10-25T14:21:51.884798+00:00] app.INFO: CardService::getUses(6)["P1"] [] []
[2022-10-25T14:21:51.886978+00:00] app.INFO: CardService::getUses(6)[] [] []
[2022-10-25T14:21:52.370054+00:00] app.INFO: CardService::get(P1) [] []
[2022-10-25T14:21:52.383997+00:00] app.INFO: CardService::get(6) [] []
[2022-10-25T14:22:10.277295+00:00] app.INFO: CardService::get(P1) [] []
[2022-10-25T14:22:10.288639+00:00] app.INFO: CardService::get(6) [] []
[2022-10-25T14:29:37.303883+00:00] app.INFO: CardService::get(P1) [] []
[2022-10-25T14:29:54.349626+00:00] app.INFO: CardService::exist(15) [] []
[2022-10-25T14:29:54.360828+00:00] app.INFO: CardService::getUses(15)["P1"] [] []
[2022-10-25T14:29:54.362770+00:00] app.INFO: CardService::getUses(15)[] [] []
[2022-10-25T14:29:54.829018+00:00] app.INFO: CardService::get(P1) [] []
[2022-10-25T14:29:54.837814+00:00] app.INFO: CardService::get(15) [] []
[2022-10-25T14:30:00.117978+00:00] app.INFO: CardService::exist(24) [] []
[2022-10-25T14:30:00.126225+00:00] app.INFO: CardService::getUses(24)["P1"] [] []
[2022-10-25T14:30:00.127831+00:00] app.INFO: CardService::getUses(24)[] [] []
[2022-10-25T14:30:00.672472+00:00] app.INFO: CardService::get(P1) [] []
[2022-10-25T14:30:00.682446+00:00] app.INFO: CardService::get(15) [] []
[2022-10-25T14:30:00.687140+00:00] app.INFO: CardService::get(24) [] []
[2022-10-25T14:30:04.289458+00:00] app.INFO: CardService::exist(55) [] []
[2022-10-25T14:30:04.308277+00:00] app.INFO: CardService::getUses(55)["P1"] [] []
[2022-10-25T14:30:04.310280+00:00] app.INFO: CardService::getUses(55)[] [] []
[2022-10-25T14:30:05.344866+00:00] app.INFO: CardService::get(P1) [] []
[2022-10-25T14:30:05.357989+00:00] app.INFO: CardService::get(15) [] []
[2022-10-25T14:30:05.361515+00:00] app.INFO: CardService::get(24) [] []
[2022-10-25T14:30:05.363242+00:00] app.INFO: CardService::get(55) [] []
[2022-10-25T14:30:16.935516+00:00] app.INFO: CardService::exist(6) [] []
[2022-10-25T14:30:16.947554+00:00] app.INFO: CardService::getUses(6)["P1"] [] []
[2022-10-25T14:30:16.949783+00:00] app.INFO: CardService::getUses(6)[] [] []
[2022-10-25T14:30:17.394566+00:00] app.INFO: CardService::get(P1) [] []
[2022-10-25T14:30:17.402330+00:00] app.INFO: CardService::get(15) [] []
[2022-10-25T14:30:17.403842+00:00] app.INFO: CardService::get(24) [] []
[2022-10-25T14:30:17.405328+00:00] app.INFO: CardService::get(55) [] []
[2022-10-25T14:30:17.407062+00:00] app.INFO: CardService::get(6) [] []
[2022-10-25T14:30:21.553663+00:00] app.INFO: CardService::exist(R) [] []
[2022-10-25T14:30:21.564676+00:00] app.INFO: CardService::getUses(R)["P1"] [] []
[2022-10-25T14:30:21.566979+00:00] app.INFO: CardService::getUses(R)[] [] []
[2022-10-25T14:30:22.174657+00:00] app.INFO: CardService::get(P1) [] []
[2022-10-25T14:30:22.187981+00:00] app.INFO: CardService::get(15) [] []
[2022-10-25T14:30:22.192115+00:00] app.INFO: CardService::get(24) [] []
[2022-10-25T14:30:22.197603+00:00] app.INFO: CardService::get(55) [] []
[2022-10-25T14:30:22.200011+00:00] app.INFO: CardService::get(6) [] []
[2022-10-25T14:30:22.209585+00:00] app.INFO: CardService::get(R) [] []
[2022-10-25T14:30:27.871511+00:00] app.INFO: CardService::exist(H) [] []
[2022-10-25T14:30:27.881613+00:00] app.INFO: CardService::getUses(H)["P1"] [] []
[2022-10-25T14:30:27.883133+00:00] app.INFO: CardService::getUses(H)[] [] []
[2022-10-25T14:30:28.354531+00:00] app.INFO: CardService::get(P1) [] []
[2022-10-25T14:30:28.363854+00:00] app.INFO: CardService::get(15) [] []
[2022-10-25T14:30:28.365915+00:00] app.INFO: CardService::get(24) [] []
[2022-10-25T14:30:28.370558+00:00] app.INFO: CardService::get(55) [] []
[2022-10-25T14:30:28.372315+00:00] app.INFO: CardService::get(6) [] []
[2022-10-25T14:30:28.374142+00:00] app.INFO: CardService::get(R) [] []
[2022-10-25T14:30:28.375785+00:00] app.INFO: CardService::get(H) [] []
[2022-10-25T14:30:46.522721+00:00] app.INFO: CardService::exist(8) [] []
[2022-10-25T14:30:46.531010+00:00] app.INFO: CardService::getUses(8)["24"] [] []
[2022-10-25T14:30:46.533042+00:00] app.INFO: CardService::getUses(8)["24"] [] []
[2022-10-25T14:30:46.983824+00:00] app.INFO: CardService::get(P1) [] []
[2022-10-25T14:30:46.994678+00:00] app.INFO: CardService::get(15) [] []
[2022-10-25T14:30:46.996769+00:00] app.INFO: CardService::get(55) [] []
[2022-10-25T14:30:46.998498+00:00] app.INFO: CardService::get(6) [] []
[2022-10-25T14:30:47.000319+00:00] app.INFO: CardService::get(R) [] []
[2022-10-25T14:30:47.002264+00:00] app.INFO: CardService::get(H) [] []
[2022-10-25T14:30:47.004084+00:00] app.INFO: CardService::get(8) [] []
[2022-10-25T14:30:56.519718+00:00] app.INFO: CardService::exist(A) [] []
[2022-10-25T14:30:56.529829+00:00] app.INFO: CardService::getUses(A)["8"] [] []
[2022-10-25T14:30:56.532768+00:00] app.INFO: CardService::getUses(A)["8"] [] []
[2022-10-25T14:30:56.987825+00:00] app.INFO: CardService::get(P1) [] []
[2022-10-25T14:30:56.998934+00:00] app.INFO: CardService::get(15) [] []
[2022-10-25T14:30:57.001082+00:00] app.INFO: CardService::get(55) [] []
[2022-10-25T14:30:57.002880+00:00] app.INFO: CardService::get(6) [] []
[2022-10-25T14:30:57.005060+00:00] app.INFO: CardService::get(R) [] []
[2022-10-25T14:30:57.006823+00:00] app.INFO: CardService::get(H) [] []
[2022-10-25T14:30:57.008359+00:00] app.INFO: CardService::get(A) [] []
[2022-10-25T14:31:10.942027+00:00] app.INFO: CardService::exist(9) [] []
[2022-10-25T14:31:10.955016+00:00] app.INFO: CardService::getUses(9)["6"] [] []
[2022-10-25T14:31:10.957039+00:00] app.INFO: CardService::getUses(9)["6"] [] []
[2022-10-25T14:31:11.445347+00:00] app.INFO: CardService::get(P1) [] []
[2022-10-25T14:31:11.453327+00:00] app.INFO: CardService::get(15) [] []
[2022-10-25T14:31:11.455317+00:00] app.INFO: CardService::get(55) [] []
[2022-10-25T14:31:11.456843+00:00] app.INFO: CardService::get(R) [] []
[2022-10-25T14:31:11.460729+00:00] app.INFO: CardService::get(H) [] []
[2022-10-25T14:31:11.462675+00:00] app.INFO: CardService::get(A) [] []
[2022-10-25T14:31:11.464229+00:00] app.INFO: CardService::get(9) [] []
[2022-10-25T14:31:22.280892+00:00] app.INFO: CardService::exist(20) [] []
[2022-10-25T14:31:22.294456+00:00] app.INFO: CardService::getUses(20)["R"] [] []
[2022-10-25T14:31:22.296091+00:00] app.INFO: CardService::getUses(20)[] [] []
[2022-10-25T14:31:22.773505+00:00] app.INFO: CardService::get(P1) [] []
[2022-10-25T14:31:22.782771+00:00] app.INFO: CardService::get(15) [] []
[2022-10-25T14:31:22.787656+00:00] app.INFO: CardService::get(55) [] []
[2022-10-25T14:31:22.789634+00:00] app.INFO: CardService::get(R) [] []
[2022-10-25T14:31:22.791513+00:00] app.INFO: CardService::get(H) [] []
[2022-10-25T14:31:22.793597+00:00] app.INFO: CardService::get(A) [] []
[2022-10-25T14:31:22.796483+00:00] app.INFO: CardService::get(9) [] []
[2022-10-25T14:31:22.799049+00:00] app.INFO: CardService::get(20) [] []
[2022-10-25T14:31:48.347303+00:00] app.INFO: CardService::getUses(91)["51","H","A","9"] [] []
[2022-10-25T14:31:48.789185+00:00] app.INFO: CardService::get(P1) [] []
[2022-10-25T14:31:48.797519+00:00] app.INFO: CardService::get(15) [] []
[2022-10-25T14:31:48.799723+00:00] app.INFO: CardService::get(55) [] []
[2022-10-25T14:31:48.801273+00:00] app.INFO: CardService::get(R) [] []
[2022-10-25T14:31:48.802969+00:00] app.INFO: CardService::get(H) [] []
[2022-10-25T14:31:48.804480+00:00] app.INFO: CardService::get(A) [] []
[2022-10-25T14:31:48.806262+00:00] app.INFO: CardService::get(9) [] []
[2022-10-25T14:31:48.807709+00:00] app.INFO: CardService::get(20) [] []
[2022-10-25T14:32:33.976041+00:00] app.INFO: CardService::getUses(91)["51","H","A","9"] [] []
[2022-10-25T14:32:34.470100+00:00] app.INFO: CardService::get(P1) [] []
[2022-10-25T14:32:34.479154+00:00] app.INFO: CardService::get(15) [] []
[2022-10-25T14:32:34.481435+00:00] app.INFO: CardService::get(55) [] []
[2022-10-25T14:32:34.484095+00:00] app.INFO: CardService::get(R) [] []
[2022-10-25T14:32:34.486756+00:00] app.INFO: CardService::get(H) [] []
[2022-10-25T14:32:34.488895+00:00] app.INFO: CardService::get(A) [] []
[2022-10-25T14:32:34.490992+00:00] app.INFO: CardService::get(9) [] []
[2022-10-25T14:32:34.492946+00:00] app.INFO: CardService::get(20) [] []
[2022-10-25T14:33:40.695765+00:00] app.INFO: CardService::getUses(91)["51","H","A","9"] [] []
[2022-10-25T14:33:41.258453+00:00] app.INFO: CardService::get(P1) [] []
[2022-10-25T14:33:41.268306+00:00] app.INFO: CardService::get(15) [] []
[2022-10-25T14:33:41.270404+00:00] app.INFO: CardService::get(55) [] []
[2022-10-25T14:33:41.272404+00:00] app.INFO: CardService::get(R) [] []
[2022-10-25T14:33:41.274689+00:00] app.INFO: CardService::get(H) [] []
[2022-10-25T14:33:41.277063+00:00] app.INFO: CardService::get(A) [] []
[2022-10-25T14:33:41.278956+00:00] app.INFO: CardService::get(9) [] []
[2022-10-25T14:33:41.280739+00:00] app.INFO: CardService::get(20) [] []
[2022-10-25T14:36:44.060928+00:00] app.INFO: CardService::getUses(91)["51","H","A","9"] [] []
[2022-10-25T14:36:44.512198+00:00] app.INFO: CardService::get(P1) [] []
[2022-10-25T14:36:44.520701+00:00] app.INFO: CardService::get(15) [] []
[2022-10-25T14:36:44.523414+00:00] app.INFO: CardService::get(55) [] []
[2022-10-25T14:36:44.525286+00:00] app.INFO: CardService::get(R) [] []
[2022-10-25T14:36:44.526751+00:00] app.INFO: CardService::get(H) [] []
[2022-10-25T14:36:44.528405+00:00] app.INFO: CardService::get(A) [] []
[2022-10-25T14:36:44.530546+00:00] app.INFO: CardService::get(9) [] []
[2022-10-25T14:36:44.532134+00:00] app.INFO: CardService::get(20) [] []
[2022-10-25T14:36:54.982289+00:00] app.INFO: CardService::getUses(91)["51","H","A","9"] [] []
[2022-10-25T14:36:55.438908+00:00] app.INFO: CardService::get(P1) [] []
[2022-10-25T14:36:55.449661+00:00] app.INFO: CardService::get(15) [] []
[2022-10-25T14:36:55.452035+00:00] app.INFO: CardService::get(55) [] []
[2022-10-25T14:36:55.454090+00:00] app.INFO: CardService::get(R) [] []
[2022-10-25T14:36:55.459188+00:00] app.INFO: CardService::get(H) [] []
[2022-10-25T14:36:55.461470+00:00] app.INFO: CardService::get(A) [] []
[2022-10-25T14:36:55.463437+00:00] app.INFO: CardService::get(9) [] []
[2022-10-25T14:36:55.465783+00:00] app.INFO: CardService::get(20) [] []
[2022-10-25T14:37:26.078357+00:00] app.INFO: CardService::getUses(91)["55","H","A","9"] [] []
[2022-10-25T14:37:26.089349+00:00] app.INFO: CardService::getUses(91)[] [] []
[2022-10-25T14:37:26.580894+00:00] app.INFO: CardService::get(P1) [] []
[2022-10-25T14:37:26.588444+00:00] app.INFO: CardService::get(15) [] []
[2022-10-25T14:37:26.590307+00:00] app.INFO: CardService::get(55) [] []
[2022-10-25T14:37:26.592026+00:00] app.INFO: CardService::get(R) [] []
[2022-10-25T14:37:26.593594+00:00] app.INFO: CardService::get(H) [] []
[2022-10-25T14:37:26.595280+00:00] app.INFO: CardService::get(A) [] []
[2022-10-25T14:37:26.597974+00:00] app.INFO: CardService::get(9) [] []
[2022-10-25T14:37:26.599893+00:00] app.INFO: CardService::get(20) [] []
[2022-10-25T14:37:26.601347+00:00] app.INFO: CardService::get(91) [] []
[2022-10-25T14:40:26.396111+00:00] app.INFO: CardService::get(P1) [] []
[2022-10-25T14:40:40.311589+00:00] app.INFO: CardService::exist(15) [] []
[2022-10-25T14:40:40.319877+00:00] app.INFO: CardService::getUses(15)["P1"] [] []
[2022-10-25T14:40:40.321630+00:00] app.INFO: CardService::getUses(15)[] [] []
[2022-10-25T14:40:40.804895+00:00] app.INFO: CardService::get(P1) [] []
[2022-10-25T14:40:40.812670+00:00] app.INFO: CardService::get(15) [] []
[2022-10-25T14:40:45.986190+00:00] app.INFO: CardService::exist(24) [] []
[2022-10-25T14:40:45.992808+00:00] app.INFO: CardService::getUses(24)["P1"] [] []
[2022-10-25T14:40:45.994421+00:00] app.INFO: CardService::getUses(24)[] [] []
[2022-10-25T14:40:46.510611+00:00] app.INFO: CardService::get(P1) [] []
[2022-10-25T14:40:46.522740+00:00] app.INFO: CardService::get(15) [] []
[2022-10-25T14:40:46.525245+00:00] app.INFO: CardService::get(24) [] []
[2022-10-25T14:40:50.268166+00:00] app.INFO: CardService::exist(55) [] []
[2022-10-25T14:40:50.279329+00:00] app.INFO: CardService::getUses(55)["P1"] [] []
[2022-10-25T14:40:50.281870+00:00] app.INFO: CardService::getUses(55)[] [] []
[2022-10-25T14:40:50.909938+00:00] app.INFO: CardService::get(P1) [] []
[2022-10-25T14:40:50.935374+00:00] app.INFO: CardService::get(15) [] []
[2022-10-25T14:40:50.938376+00:00] app.INFO: CardService::get(24) [] []
[2022-10-25T14:40:50.943640+00:00] app.INFO: CardService::get(55) [] []
[2022-10-25T14:41:00.090057+00:00] app.INFO: CardService::exist(R) [] []
[2022-10-25T14:41:00.098097+00:00] app.INFO: CardService::getUses(R)["P1"] [] []
[2022-10-25T14:41:00.099932+00:00] app.INFO: CardService::getUses(R)[] [] []
[2022-10-25T14:41:00.569268+00:00] app.INFO: CardService::get(P1) [] []
[2022-10-25T14:41:00.576222+00:00] app.INFO: CardService::get(15) [] []
[2022-10-25T14:41:00.578180+00:00] app.INFO: CardService::get(24) [] []
[2022-10-25T14:41:00.580285+00:00] app.INFO: CardService::get(55) [] []
[2022-10-25T14:41:00.582308+00:00] app.INFO: CardService::get(R) [] []
[2022-10-25T14:41:05.500825+00:00] app.INFO: CardService::exist(H) [] []
[2022-10-25T14:41:05.509080+00:00] app.INFO: CardService::getUses(H)["P1"] [] []
[2022-10-25T14:41:05.510499+00:00] app.INFO: CardService::getUses(H)[] [] []
[2022-10-25T14:41:05.958822+00:00] app.INFO: CardService::get(P1) [] []
[2022-10-25T14:41:05.968567+00:00] app.INFO: CardService::get(15) [] []
[2022-10-25T14:41:05.970629+00:00] app.INFO: CardService::get(24) [] []
[2022-10-25T14:41:05.972405+00:00] app.INFO: CardService::get(55) [] []
[2022-10-25T14:41:05.974189+00:00] app.INFO: CardService::get(R) [] []
[2022-10-25T14:41:05.975970+00:00] app.INFO: CardService::get(H) [] []
[2022-10-25T14:41:11.428240+00:00] app.INFO: CardService::exist(6) [] []
[2022-10-25T14:41:11.438373+00:00] app.INFO: CardService::getUses(6)["P1"] [] []
[2022-10-25T14:41:11.440246+00:00] app.INFO: CardService::getUses(6)[] [] []
[2022-10-25T14:41:11.983182+00:00] app.INFO: CardService::get(P1) [] []
[2022-10-25T14:41:11.997693+00:00] app.INFO: CardService::get(15) [] []
[2022-10-25T14:41:11.999616+00:00] app.INFO: CardService::get(24) [] []
[2022-10-25T14:41:12.001571+00:00] app.INFO: CardService::get(55) [] []
[2022-10-25T14:41:12.003648+00:00] app.INFO: CardService::get(R) [] []
[2022-10-25T14:41:12.006195+00:00] app.INFO: CardService::get(H) [] []
[2022-10-25T14:41:12.007910+00:00] app.INFO: CardService::get(6) [] []
[2022-10-25T14:41:17.901635+00:00] app.INFO: CardService::exist(A) [] []
[2022-10-25T14:41:17.911069+00:00] app.INFO: CardService::getUses(A)["8"] [] []
[2022-10-25T14:41:18.420636+00:00] app.INFO: CardService::get(P1) [] []
[2022-10-25T14:41:18.432878+00:00] app.INFO: CardService::get(15) [] []
[2022-10-25T14:41:18.434995+00:00] app.INFO: CardService::get(24) [] []
[2022-10-25T14:41:18.436348+00:00] app.INFO: CardService::get(55) [] []
[2022-10-25T14:41:18.437619+00:00] app.INFO: CardService::get(R) [] []
[2022-10-25T14:41:18.439259+00:00] app.INFO: CardService::get(H) [] []
[2022-10-25T14:41:18.441601+00:00] app.INFO: CardService::get(6) [] []
[2022-10-25T14:41:48.502972+00:00] app.INFO: CardService::exist(9) [] []
[2022-10-25T14:41:48.513787+00:00] app.INFO: CardService::getUses(9)["6"] [] []
[2022-10-25T14:41:48.515421+00:00] app.INFO: CardService::getUses(9)["6"] [] []
[2022-10-25T14:41:48.964711+00:00] app.INFO: CardService::get(P1) [] []
[2022-10-25T14:41:48.972660+00:00] app.INFO: CardService::get(15) [] []
[2022-10-25T14:41:48.974298+00:00] app.INFO: CardService::get(24) [] []
[2022-10-25T14:41:48.976050+00:00] app.INFO: CardService::get(55) [] []
[2022-10-25T14:41:48.978242+00:00] app.INFO: CardService::get(R) [] []
[2022-10-25T14:41:48.979980+00:00] app.INFO: CardService::get(H) [] []
[2022-10-25T14:41:48.981627+00:00] app.INFO: CardService::get(9) [] []
[2022-10-25T14:42:06.575711+00:00] app.INFO: CardService::exist(8) [] []
[2022-10-25T14:42:06.584885+00:00] app.INFO: CardService::getUses(8)["24"] [] []
[2022-10-25T14:42:06.587951+00:00] app.INFO: CardService::getUses(8)["24"] [] []
[2022-10-25T14:42:07.033830+00:00] app.INFO: CardService::get(P1) [] []
[2022-10-25T14:42:07.041638+00:00] app.INFO: CardService::get(15) [] []
[2022-10-25T14:42:07.047097+00:00] app.INFO: CardService::get(55) [] []
[2022-10-25T14:42:07.048586+00:00] app.INFO: CardService::get(R) [] []
[2022-10-25T14:42:07.049921+00:00] app.INFO: CardService::get(H) [] []
[2022-10-25T14:42:07.051085+00:00] app.INFO: CardService::get(9) [] []
[2022-10-25T14:42:07.052157+00:00] app.INFO: CardService::get(8) [] []
[2022-10-25T14:42:13.156238+00:00] app.INFO: CardService::exist(20) [] []
[2022-10-25T14:42:13.164804+00:00] app.INFO: CardService::getUses(20)["R"] [] []
[2022-10-25T14:42:13.166973+00:00] app.INFO: CardService::getUses(20)[] [] []
[2022-10-25T14:42:13.621811+00:00] app.INFO: CardService::get(P1) [] []
[2022-10-25T14:42:13.631407+00:00] app.INFO: CardService::get(15) [] []
[2022-10-25T14:42:13.633814+00:00] app.INFO: CardService::get(55) [] []
[2022-10-25T14:42:13.635865+00:00] app.INFO: CardService::get(R) [] []
[2022-10-25T14:42:13.637909+00:00] app.INFO: CardService::get(H) [] []
[2022-10-25T14:42:13.640001+00:00] app.INFO: CardService::get(9) [] []
[2022-10-25T14:42:13.642022+00:00] app.INFO: CardService::get(8) [] []
[2022-10-25T14:42:13.644266+00:00] app.INFO: CardService::get(20) [] []
[2022-10-25T14:42:22.032708+00:00] app.INFO: CardService::exist(A) [] []
[2022-10-25T14:42:22.042853+00:00] app.INFO: CardService::getUses(A)["8"] [] []
[2022-10-25T14:42:22.045137+00:00] app.INFO: CardService::getUses(A)["8"] [] []
[2022-10-25T14:42:22.531084+00:00] app.INFO: CardService::get(P1) [] []
[2022-10-25T14:42:22.540149+00:00] app.INFO: CardService::get(15) [] []
[2022-10-25T14:42:22.541891+00:00] app.INFO: CardService::get(55) [] []
[2022-10-25T14:42:22.543473+00:00] app.INFO: CardService::get(R) [] []
[2022-10-25T14:42:22.545021+00:00] app.INFO: CardService::get(H) [] []
[2022-10-25T14:42:22.546624+00:00] app.INFO: CardService::get(9) [] []
[2022-10-25T14:42:22.548844+00:00] app.INFO: CardService::get(20) [] []
[2022-10-25T14:42:22.551559+00:00] app.INFO: CardService::get(A) [] []
[2022-10-25T14:42:41.464489+00:00] app.INFO: CardService::getUses(91)["55","H","A","9"] [] []
[2022-10-25T14:42:41.475042+00:00] app.INFO: CardService::getUses(91)[] [] []
[2022-10-25T14:42:41.944124+00:00] app.INFO: CardService::get(P1) [] []
[2022-10-25T14:42:41.953953+00:00] app.INFO: CardService::get(15) [] []
[2022-10-25T14:42:41.955865+00:00] app.INFO: CardService::get(55) [] []
[2022-10-25T14:42:41.957208+00:00] app.INFO: CardService::get(R) [] []
[2022-10-25T14:42:41.959123+00:00] app.INFO: CardService::get(H) [] []
[2022-10-25T14:42:41.961359+00:00] app.INFO: CardService::get(9) [] []
[2022-10-25T14:42:41.962961+00:00] app.INFO: CardService::get(20) [] []
[2022-10-25T14:42:41.964909+00:00] app.INFO: CardService::get(A) [] []
[2022-10-25T14:42:41.966661+00:00] app.INFO: CardService::get(91) [] []
[2022-10-25T14:43:16.458024+00:00] app.INFO: CardService::get(P1) [] []
[2022-10-25T14:43:24.903482+00:00] app.INFO: CardService::exist(24) [] []
[2022-10-25T14:43:24.913850+00:00] app.INFO: CardService::getUses(24)["P1"] [] []
[2022-10-25T14:43:24.915658+00:00] app.INFO: CardService::getUses(24)[] [] []
[2022-10-25T14:43:25.443570+00:00] app.INFO: CardService::get(P1) [] []
[2022-10-25T14:43:25.458308+00:00] app.INFO: CardService::get(24) [] []
[2022-10-25T14:43:29.446047+00:00] app.INFO: CardService::exist(15) [] []
[2022-10-25T14:43:29.455983+00:00] app.INFO: CardService::getUses(15)["P1"] [] []
[2022-10-25T14:43:29.458146+00:00] app.INFO: CardService::getUses(15)[] [] []
[2022-10-25T14:43:30.193008+00:00] app.INFO: CardService::get(P1) [] []
[2022-10-25T14:43:30.208257+00:00] app.INFO: CardService::get(24) [] []
[2022-10-25T14:43:30.212112+00:00] app.INFO: CardService::get(15) [] []
[2022-10-25T14:43:34.750862+00:00] app.INFO: CardService::exist(55) [] []
[2022-10-25T14:43:34.759863+00:00] app.INFO: CardService::getUses(55)["P1"] [] []
[2022-10-25T14:43:34.761845+00:00] app.INFO: CardService::getUses(55)[] [] []
[2022-10-25T14:43:35.274919+00:00] app.INFO: CardService::get(P1) [] []
[2022-10-25T14:43:35.284926+00:00] app.INFO: CardService::get(24) [] []
[2022-10-25T14:43:35.286553+00:00] app.INFO: CardService::get(15) [] []
[2022-10-25T14:43:35.288997+00:00] app.INFO: CardService::get(55) [] []
[2022-10-25T14:43:39.842992+00:00] app.INFO: CardService::exist(6) [] []
[2022-10-25T14:43:39.857426+00:00] app.INFO: CardService::getUses(6)["P1"] [] []
[2022-10-25T14:43:39.859276+00:00] app.INFO: CardService::getUses(6)[] [] []
[2022-10-25T14:43:40.545228+00:00] app.INFO: CardService::get(P1) [] []
[2022-10-25T14:43:40.558074+00:00] app.INFO: CardService::get(24) [] []
[2022-10-25T14:43:40.560691+00:00] app.INFO: CardService::get(15) [] []
[2022-10-25T14:43:40.562134+00:00] app.INFO: CardService::get(55) [] []
[2022-10-25T14:43:40.563811+00:00] app.INFO: CardService::get(6) [] []
[2022-10-25T14:43:45.757269+00:00] app.INFO: CardService::exist(R) [] []
[2022-10-25T14:43:45.764261+00:00] app.INFO: CardService::getUses(R)["P1"] [] []
[2022-10-25T14:43:45.765824+00:00] app.INFO: CardService::getUses(R)[] [] []
[2022-10-25T14:43:46.224155+00:00] app.INFO: CardService::get(P1) [] []
[2022-10-25T14:43:46.232882+00:00] app.INFO: CardService::get(24) [] []
[2022-10-25T14:43:46.234645+00:00] app.INFO: CardService::get(15) [] []
[2022-10-25T14:43:46.236587+00:00] app.INFO: CardService::get(55) [] []
[2022-10-25T14:43:46.238793+00:00] app.INFO: CardService::get(6) [] []
[2022-10-25T14:43:46.240451+00:00] app.INFO: CardService::get(R) [] []
[2022-10-25T14:43:51.476289+00:00] app.INFO: CardService::exist(H) [] []
[2022-10-25T14:43:51.484576+00:00] app.INFO: CardService::getUses(H)["P1"] [] []
[2022-10-25T14:43:51.487114+00:00] app.INFO: CardService::getUses(H)[] [] []
[2022-10-25T14:43:51.968723+00:00] app.INFO: CardService::get(P1) [] []
[2022-10-25T14:43:51.978650+00:00] app.INFO: CardService::get(24) [] []
[2022-10-25T14:43:51.979976+00:00] app.INFO: CardService::get(15) [] []
[2022-10-25T14:43:51.981430+00:00] app.INFO: CardService::get(55) [] []
[2022-10-25T14:43:51.983095+00:00] app.INFO: CardService::get(6) [] []
[2022-10-25T14:43:51.985351+00:00] app.INFO: CardService::get(R) [] []
[2022-10-25T14:43:51.987232+00:00] app.INFO: CardService::get(H) [] []
[2022-10-25T14:44:02.223019+00:00] app.INFO: CardService::exist(9) [] []
[2022-10-25T14:44:02.231498+00:00] app.INFO: CardService::getUses(9)["6"] [] []
[2022-10-25T14:44:02.234652+00:00] app.INFO: CardService::getUses(9)["6"] [] []
[2022-10-25T14:44:02.658158+00:00] app.INFO: CardService::get(P1) [] []
[2022-10-25T14:44:02.666371+00:00] app.INFO: CardService::get(24) [] []
[2022-10-25T14:44:02.668169+00:00] app.INFO: CardService::get(15) [] []
[2022-10-25T14:44:02.669877+00:00] app.INFO: CardService::get(55) [] []
[2022-10-25T14:44:02.671447+00:00] app.INFO: CardService::get(R) [] []
[2022-10-25T14:44:02.673069+00:00] app.INFO: CardService::get(H) [] []
[2022-10-25T14:44:02.675383+00:00] app.INFO: CardService::get(9) [] []
[2022-10-25T14:44:07.580622+00:00] app.INFO: CardService::exist(8) [] []
[2022-10-25T14:44:07.590772+00:00] app.INFO: CardService::getUses(8)["24"] [] []
[2022-10-25T14:44:07.592215+00:00] app.INFO: CardService::getUses(8)["24"] [] []
[2022-10-25T14:44:09.115270+00:00] app.INFO: CardService::get(P1) [] []
[2022-10-25T14:44:09.124546+00:00] app.INFO: CardService::get(15) [] []
[2022-10-25T14:44:09.126361+00:00] app.INFO: CardService::get(55) [] []
[2022-10-25T14:44:09.127647+00:00] app.INFO: CardService::get(R) [] []
[2022-10-25T14:44:09.129525+00:00] app.INFO: CardService::get(H) [] []
[2022-10-25T14:44:09.131337+00:00] app.INFO: CardService::get(9) [] []
[2022-10-25T14:44:09.132886+00:00] app.INFO: CardService::get(8) [] []
[2022-10-25T14:44:20.145271+00:00] app.INFO: CardService::exist(A) [] []
[2022-10-25T14:44:20.154863+00:00] app.INFO: CardService::getUses(A)["8"] [] []
[2022-10-25T14:44:20.156919+00:00] app.INFO: CardService::getUses(A)["8"] [] []
[2022-10-25T14:44:20.621609+00:00] app.INFO: CardService::get(P1) [] []
[2022-10-25T14:44:20.629705+00:00] app.INFO: CardService::get(15) [] []
[2022-10-25T14:44:20.631113+00:00] app.INFO: CardService::get(55) [] []
[2022-10-25T14:44:20.632553+00:00] app.INFO: CardService::get(R) [] []
[2022-10-25T14:44:20.634113+00:00] app.INFO: CardService::get(H) [] []
[2022-10-25T14:44:20.636266+00:00] app.INFO: CardService::get(9) [] []
[2022-10-25T14:44:20.638078+00:00] app.INFO: CardService::get(A) [] []
[2022-10-25T14:44:25.798467+00:00] app.INFO: CardService::exist(20) [] []
[2022-10-25T14:44:25.808107+00:00] app.INFO: CardService::getUses(20)["R"] [] []
[2022-10-25T14:44:25.810022+00:00] app.INFO: CardService::getUses(20)[] [] []
[2022-10-25T14:44:26.301106+00:00] app.INFO: CardService::get(P1) [] []
[2022-10-25T14:44:26.309532+00:00] app.INFO: CardService::get(15) [] []
[2022-10-25T14:44:26.310782+00:00] app.INFO: CardService::get(55) [] []
[2022-10-25T14:44:26.313310+00:00] app.INFO: CardService::get(R) [] []
[2022-10-25T14:44:26.316290+00:00] app.INFO: CardService::get(H) [] []
[2022-10-25T14:44:26.318389+00:00] app.INFO: CardService::get(9) [] []
[2022-10-25T14:44:26.320171+00:00] app.INFO: CardService::get(A) [] []
[2022-10-25T14:44:26.321815+00:00] app.INFO: CardService::get(20) [] []
[2022-10-25T14:44:37.012944+00:00] app.INFO: CardService::getUses(91)["55","H","A","9"] [] []
[2022-10-25T14:44:37.021381+00:00] app.INFO: CardService::getUses(91)["P1","55","H","A","9","R","A","20"] [] []
[2022-10-25T14:44:37.512714+00:00] app.INFO: CardService::get(P1) [] []
[2022-10-25T14:44:37.532323+00:00] app.INFO: CardService::get(15) [] []
[2022-10-25T14:44:37.534774+00:00] app.INFO: CardService::get(91) [] []
[2022-10-25T14:46:20.922388+00:00] app.INFO: CardService::exist(22) [] []
[2022-10-25T14:46:20.933697+00:00] app.INFO: CardService::getUses(22)["91"] [] []
[2022-10-25T14:46:20.935547+00:00] app.INFO: CardService::getUses(22)[] [] []
[2022-10-25T14:46:21.492491+00:00] app.INFO: CardService::get(P1) [] []
[2022-10-25T14:46:21.499513+00:00] app.INFO: CardService::get(15) [] []
[2022-10-25T14:46:21.500920+00:00] app.INFO: CardService::get(91) [] []
[2022-10-25T14:46:21.502548+00:00] app.INFO: CardService::get(22) [] []
[2022-10-25T14:46:33.929460+00:00] app.INFO: CardService::exist(42) [] []
[2022-10-25T14:46:33.947728+00:00] app.INFO: CardService::getUses(42)["91"] [] []
[2022-10-25T14:46:33.949328+00:00] app.INFO: CardService::getUses(42)[] [] []
[2022-10-25T14:46:35.514449+00:00] app.INFO: CardService::get(P1) [] []
[2022-10-25T14:46:35.523783+00:00] app.INFO: CardService::get(15) [] []
[2022-10-25T14:46:35.525644+00:00] app.INFO: CardService::get(91) [] []
[2022-10-25T14:46:35.527211+00:00] app.INFO: CardService::get(22) [] []
[2022-10-25T14:46:35.528701+00:00] app.INFO: CardService::get(42) [] []
[2022-10-25T14:46:40.589725+00:00] app.INFO: CardService::exist(85) [] []
[2022-10-25T14:46:40.597749+00:00] app.INFO: CardService::getUses(85)["91"] [] []
[2022-10-25T14:46:40.599558+00:00] app.INFO: CardService::getUses(85)[] [] []
[2022-10-25T14:46:41.029590+00:00] app.INFO: CardService::get(P1) [] []
[2022-10-25T14:46:41.038414+00:00] app.INFO: CardService::get(15) [] []
[2022-10-25T14:46:41.040115+00:00] app.INFO: CardService::get(91) [] []
[2022-10-25T14:46:41.041756+00:00] app.INFO: CardService::get(22) [] []
[2022-10-25T14:46:41.043732+00:00] app.INFO: CardService::get(42) [] []
[2022-10-25T14:46:41.045499+00:00] app.INFO: CardService::get(85) [] []
[2022-10-25T14:46:50.856804+00:00] app.INFO: CardService::exist(23) [] []
[2022-10-25T14:46:50.867093+00:00] app.INFO: CardService::getUses(23)["22"] [] []
[2022-10-25T14:46:50.868762+00:00] app.INFO: CardService::getUses(23)["22"] [] []
[2022-10-25T14:46:51.400154+00:00] app.INFO: CardService::get(P1) [] []
[2022-10-25T14:46:51.417297+00:00] app.INFO: CardService::get(15) [] []
[2022-10-25T14:46:51.419288+00:00] app.INFO: CardService::get(91) [] []
[2022-10-25T14:46:51.421538+00:00] app.INFO: CardService::get(42) [] []
[2022-10-25T14:46:51.424984+00:00] app.INFO: CardService::get(85) [] []
[2022-10-25T14:46:51.427289+00:00] app.INFO: CardService::get(23) [] []
[2022-10-25T14:47:07.860221+00:00] app.INFO: CardService::getUses(60)["23"] [] []
[2022-10-25T14:47:07.874187+00:00] app.INFO: CardService::getUses(60)["23","42"] [] []
[2022-10-25T14:47:08.355960+00:00] app.INFO: CardService::get(P1) [] []
[2022-10-25T14:47:08.363692+00:00] app.INFO: CardService::get(15) [] []
[2022-10-25T14:47:08.365247+00:00] app.INFO: CardService::get(91) [] []
[2022-10-25T14:47:08.367117+00:00] app.INFO: CardService::get(85) [] []
[2022-10-25T14:47:08.369056+00:00] app.INFO: CardService::get(60) [] []
[2022-10-25T14:47:22.885807+00:00] app.INFO: CardService::exist(28) [] []
[2022-10-25T14:47:22.894722+00:00] app.INFO: CardService::getUses(28)["15"] [] []
[2022-10-25T14:47:22.896733+00:00] app.INFO: CardService::getUses(28)["15","85"] [] []
[2022-10-25T14:47:23.349845+00:00] app.INFO: CardService::get(P1) [] []
[2022-10-25T14:47:23.361436+00:00] app.INFO: CardService::get(91) [] []
[2022-10-25T14:47:23.363275+00:00] app.INFO: CardService::get(60) [] []
[2022-10-25T14:47:23.365380+00:00] app.INFO: CardService::get(28) [] []
[2022-10-25T14:48:04.098743+00:00] app.INFO: CardService::get(P1) [] []
[2022-10-25T14:48:04.108953+00:00] app.INFO: CardService::get(91) [] []
[2022-10-25T14:48:04.112040+00:00] app.INFO: CardService::get(60) [] []
[2022-10-25T14:48:04.114657+00:00] app.INFO: CardService::get(28) [] []
[2022-10-25T14:54:59.732879+00:00] app.INFO: CardService::get(P1) [] []
[2022-10-25T14:56:03.966278+00:00] app.INFO: CardService::get(P1) [] []
[2022-10-25T14:56:06.996455+00:00] app.INFO: CardService::get(P1) [] []
[2022-10-25T14:56:16.716490+00:00] app.INFO: CardService::exist(R) [] []
[2022-10-25T14:56:16.725902+00:00] app.INFO: CardService::getUses(R)["P1"] [] []
[2022-10-25T14:56:16.727720+00:00] app.INFO: CardService::getUses(R)[] [] []
[2022-10-25T14:56:17.179206+00:00] app.INFO: CardService::get(P1) [] []
[2022-10-25T14:56:17.187514+00:00] app.INFO: CardService::get(R) [] []
[2022-10-25T14:56:31.680238+00:00] app.INFO: CardService::get(P1) [] []
[2022-10-25T14:56:31.690324+00:00] app.INFO: CardService::get(R) [] []
[2022-10-25T14:56:44.313469+00:00] app.INFO: CardService::exist(6) [] []
[2022-10-25T14:56:44.325177+00:00] app.INFO: CardService::getUses(6)["P1"] [] []
[2022-10-25T14:56:44.326537+00:00] app.INFO: CardService::getUses(6)[] [] []
[2022-10-25T14:56:44.807110+00:00] app.INFO: CardService::get(P1) [] []
[2022-10-25T14:56:44.814460+00:00] app.INFO: CardService::get(R) [] []
[2022-10-25T14:56:44.815997+00:00] app.INFO: CardService::get(6) [] []
[2022-10-25T14:56:45.574302+00:00] app.INFO: CardService::get(P1) [] []
[2022-10-25T14:56:45.582623+00:00] app.INFO: CardService::get(R) [] []
[2022-10-25T14:56:45.584444+00:00] app.INFO: CardService::get(6) [] []
[2022-10-25T14:57:01.800026+00:00] app.INFO: CardService::get(P1) [] []
[2022-10-25T14:57:01.813464+00:00] app.INFO: CardService::get(R) [] []
[2022-10-25T14:57:01.815000+00:00] app.INFO: CardService::get(6) [] []
[2022-10-25T14:57:08.960464+00:00] app.INFO: CardService::get(P1) [] []
[2022-10-25T14:57:17.199742+00:00] app.INFO: CardService::exist(60) [] []
[2022-10-25T14:57:17.209273+00:00] app.INFO: CardService::getUses(60)["23"] [] []
[2022-10-25T14:57:17.671002+00:00] app.INFO: CardService::get(P1) [] []
[2022-10-25T14:57:47.218170+00:00] app.INFO: CardService::exist(15) [] []
[2022-10-25T14:57:47.232763+00:00] app.INFO: CardService::getUses(15)["P1"] [] []
[2022-10-25T14:57:47.234940+00:00] app.INFO: CardService::getUses(15)[] [] []
[2022-10-25T14:57:47.732546+00:00] app.INFO: CardService::get(P1) [] []
[2022-10-25T14:57:47.743660+00:00] app.INFO: CardService::get(15) [] []
[2022-10-25T14:57:53.347982+00:00] app.INFO: CardService::exist(24) [] []
[2022-10-25T14:57:53.357065+00:00] app.INFO: CardService::getUses(24)["P1"] [] []
[2022-10-25T14:57:53.359024+00:00] app.INFO: CardService::getUses(24)[] [] []
[2022-10-25T14:57:53.792667+00:00] app.INFO: CardService::get(P1) [] []
[2022-10-25T14:57:53.801480+00:00] app.INFO: CardService::get(15) [] []
[2022-10-25T14:57:53.803179+00:00] app.INFO: CardService::get(24) [] []
[2022-10-25T14:59:16.768505+00:00] app.INFO: CardService::get(P1) [] []
[2022-10-25T14:59:16.780554+00:00] app.INFO: CardService::get(15) [] []
[2022-10-25T14:59:16.782332+00:00] app.INFO: CardService::get(24) [] []
[2022-10-25T14:59:21.122151+00:00] app.INFO: CardService::get(P1) [] []
[2022-10-25T14:59:21.136161+00:00] app.INFO: CardService::get(15) [] []
[2022-10-25T14:59:21.137873+00:00] app.INFO: CardService::get(24) [] []
[2022-10-25T14:59:21.139073+00:00] app.INFO: CardService::get(55) [] []
[2022-10-25T14:59:21.140945+00:00] app.INFO: CardService::get(H) [] []
[2022-10-25T14:59:21.143178+00:00] app.INFO: CardService::get(6) [] []
[2022-10-25T14:59:21.145003+00:00] app.INFO: CardService::get(R) [] []
